#
# There is insufficient memory for the Java Runtime Environment to continue.
# Native memory allocation (malloc) failed to allocate 1151696 bytes for Chunk::new
# Possible reasons:
#   The system is out of physical RAM or swap space
#   In 32 bit mode, the process size limit was hit
# Possible solutions:
#   Reduce memory load on the system
#   Increase physical memory or swap space
#   Check if swap backing store is full
#   Use 64 bit Java on a 64 bit OS
#   Decrease Java heap size (-Xmx/-Xms)
#   Decrease number of Java threads
#   Decrease Java thread stack sizes (-Xss)
#   Set larger code cache with -XX:ReservedCodeCacheSize=
# This output file may be truncated or incomplete.
#
#  Out of Memory Error (allocation.cpp:390), pid=4004, tid=0x000000000000146c
#
# JRE version: OpenJDK Runtime Environment (8.0_152-b01) (build 1.8.0_152-release-1248-b01)
# Java VM: OpenJDK 64-Bit Server VM (25.152-b01 mixed mode windows-amd64 compressed oops)
# Failed to write core dump. Minidumps are not enabled by default on client versions of Windows
#

---------------  T H R E A D  ---------------

Current thread (0x0000000016129000):  JavaThread "C2 CompilerThread0" daemon [_thread_in_native, id=5228, stack(0x00000000178e0000,0x00000000179e0000)]

Stack: [0x00000000178e0000,0x00000000179e0000]
[error occurred during error reporting (printing stack bounds), id 0xc0000005]

Native frames: (J=compiled Java code, j=interpreted, Vv=VM code, C=native code)


Current CompileTask:
C2:1236048 19741 %     4       com.android.tools.r8.ir.conversion.JarSourceCode::computeBlockEntryJarStates @ 166 (300 bytes)


---------------  P R O C E S S  ---------------

Java Threads: ( => current thread )
  0x000000001cd93000 JavaThread "ForkJoinPool.commonPool-worker-2" daemon [_thread_in_Java, id=7184, stack(0x0000000025e00000,0x0000000025f00000)]
  0x000000001cd94000 JavaThread "ForkJoinPool.commonPool-worker-1" daemon [_thread_in_Java, id=7956, stack(0x0000000025740000,0x0000000025840000)]
  0x000000001cd89800 JavaThread "ForkJoinPool.commonPool-worker-0" daemon [_thread_in_Java, id=9096, stack(0x000000001c050000,0x000000001c150000)]
  0x000000001cd88800 JavaThread "Cache worker for Java compile cache (F:\study\android\ElectriicSmartMeter\.gradle\4.6\javaCompile)" [_thread_blocked, id=7700, stack(0x00000000008b0000,0x00000000009b0000)]
  0x000000001cd90000 JavaThread "stdout" daemon [_thread_in_native, id=5772, stack(0x0000000000310000,0x0000000000410000)]
  0x000000001cd8c800 JavaThread "stderr" daemon [_thread_in_native, id=8436, stack(0x0000000000210000,0x0000000000310000)]
  0x000000001cd8f800 JavaThread "stdout" daemon [_thread_in_native, id=7748, stack(0x0000000000110000,0x0000000000210000)]
  0x000000001cd8b800 JavaThread "stderr" daemon [_thread_in_native, id=3880, stack(0x0000000000010000,0x0000000000110000)]
  0x000000001cd8e000 JavaThread "stdout" daemon [_thread_in_native, id=7392, stack(0x00000000007b0000,0x00000000008b0000)]
  0x000000001cd8e800 JavaThread "stderr" daemon [_thread_in_native, id=6800, stack(0x00000000006b0000,0x00000000007b0000)]
  0x000000001cd8d000 JavaThread "pool-6-thread-1" [_thread_blocked, id=8024, stack(0x0000000025d00000,0x0000000025e00000)]
  0x000000001cd8b000 JavaThread "MarlinRenderer Disposer" daemon [_thread_blocked, id=8656, stack(0x0000000025fb0000,0x00000000260b0000)]
  0x000000001cd8a000 JavaThread "Java2D Disposer" daemon [_thread_blocked, id=2000, stack(0x0000000025c00000,0x0000000025d00000)]
  0x00000000185bc000 JavaThread "Task worker for ':' Thread 3" [_thread_blocked, id=7148, stack(0x0000000024120000,0x0000000024220000)]
  0x00000000185b9000 JavaThread "Task worker for ':' Thread 2" [_thread_blocked, id=8992, stack(0x0000000024020000,0x0000000024120000)]
  0x000000001cd3e000 JavaThread "Task worker for ':'" [_thread_blocked, id=9004, stack(0x0000000023f20000,0x0000000024020000)]
  0x000000001cd3c000 JavaThread "Cache worker for Build Output Cleanup Cache (F:\study\android\ElectriicSmartMeter\.gradle\buildOutputCleanup)" [_thread_blocked, id=3876, stack(0x0000000023e20000,0x0000000023f20000)]
  0x000000001cd3b000 JavaThread "Cache worker for task history cache (F:\study\android\ElectriicSmartMeter\.gradle\4.6\taskHistory)" [_thread_blocked, id=4196, stack(0x0000000023d20000,0x0000000023e20000)]
  0x000000001cd3a800 JavaThread "Cache worker for file content cache (F:\study\android\ElectriicSmartMeter\.gradle\4.6\fileContent)" [_thread_blocked, id=7648, stack(0x0000000023c20000,0x0000000023d20000)]
  0x000000001cd3d800 JavaThread "Build operations Thread 4" [_thread_blocked, id=748, stack(0x0000000020df0000,0x0000000020ef0000)]
  0x000000001cd3c800 JavaThread "Build operations Thread 3" [_thread_blocked, id=4788, stack(0x0000000020cf0000,0x0000000020df0000)]
  0x000000001cd37800 JavaThread "Build operations Thread 2" [_thread_blocked, id=2112, stack(0x000000001f5a0000,0x000000001f6a0000)]
  0x000000001cd36800 JavaThread "Build operations" [_thread_blocked, id=8808, stack(0x000000001eca0000,0x000000001eda0000)]
  0x000000001cd39800 JavaThread "Cache worker for Artifact transforms cache (E:\android studio\.gradle\caches\transforms-1)" [_thread_blocked, id=2252, stack(0x000000001e8a0000,0x000000001e9a0000)]
  0x000000001cd38000 JavaThread "Cache worker for file hash cache (F:\study\android\ElectriicSmartMeter\.gradle\4.6\fileHashes)" [_thread_blocked, id=8504, stack(0x000000001e7a0000,0x000000001e8a0000)]
  0x000000001cd39000 JavaThread "Asynchronous log dispatcher for DefaultDaemonConnection: socket connection from /127.0.0.1:63829 to /127.0.0.1:12797" [_thread_blocked, id=5296, stack(0x000000001aa80000,0x000000001ab80000)]
  0x000000001cd32000 JavaThread "Daemon worker Thread 4" [_thread_blocked, id=7836, stack(0x000000001a980000,0x000000001aa80000)]
  0x000000001cd35000 JavaThread "Cancel handler" [_thread_blocked, id=6564, stack(0x000000001a880000,0x000000001a980000)]
  0x000000001cd31000 JavaThread "Handler for socket connection from /127.0.0.1:63829 to /127.0.0.1:12797" [_thread_in_native, id=9160, stack(0x000000001a580000,0x000000001a680000)]
  0x000000001cd34800 JavaThread "Daemon Thread 4" [_thread_blocked, id=5940, stack(0x000000001a480000,0x000000001a580000)]
  0x00000000185bc800 JavaThread "Memory manager" [_thread_blocked, id=3980, stack(0x00000000215f0000,0x00000000216f0000)]
  0x00000000185bf000 JavaThread "pool-1-thread-1" [_thread_blocked, id=7288, stack(0x00000000212f0000,0x00000000213f0000)]
  0x000000001950f000 JavaThread "File lock request listener" [_thread_in_native, id=9068, stack(0x000000001bf50000,0x000000001c050000)]
  0x0000000019444000 JavaThread "Cache worker for file hash cache (E:\android studio\.gradle\caches\4.6\fileHashes)" [_thread_blocked, id=6740, stack(0x000000001ae80000,0x000000001af80000)]
  0x0000000019000800 JavaThread "Daemon periodic checks" [_thread_blocked, id=8200, stack(0x000000001a380000,0x000000001a480000)]
  0x0000000019045000 JavaThread "Incoming local TCP Connector on port 63829" [_thread_in_native, id=6976, stack(0x0000000019e90000,0x0000000019f90000)]
  0x0000000017c08800 JavaThread "Service Thread" daemon [_thread_blocked, id=5696, stack(0x0000000017fe0000,0x00000000180e0000)]
  0x000000001613b000 JavaThread "C1 CompilerThread2" daemon [_thread_blocked, id=4176, stack(0x0000000017ae0000,0x0000000017be0000)]
  0x000000001612c000 JavaThread "C2 CompilerThread1" daemon [_thread_in_native, id=1872, stack(0x00000000179e0000,0x0000000017ae0000)]
=>0x0000000016129000 JavaThread "C2 CompilerThread0" daemon [_thread_in_native, id=5228, stack(0x00000000178e0000,0x00000000179e0000)]
  0x0000000016136800 JavaThread "Attach Listener" daemon [_thread_blocked, id=8448, stack(0x00000000177e0000,0x00000000178e0000)]
  0x0000000016135800 JavaThread "Signal Dispatcher" daemon [_thread_blocked, id=5976, stack(0x00000000176e0000,0x00000000177e0000)]
  0x0000000016119800 JavaThread "Finalizer" daemon [_thread_blocked, id=6888, stack(0x0000000017390000,0x0000000017490000)]
  0x00000000027b1000 JavaThread "Reference Handler" daemon [_thread_blocked, id=6396, stack(0x0000000017290000,0x0000000017390000)]
  0x0000000000c8e000 JavaThread "main" [_thread_blocked, id=4424, stack(0x0000000002540000,0x0000000002640000)]

Other Threads:
  0x00000000160f5000 VMThread [stack: 0x0000000017190000,0x0000000017290000] [id=7732]
  0x0000000017c0a000 WatcherThread [stack: 0x00000000180e0000,0x00000000181e0000] [id=6936]

VM state:not at safepoint (normal execution)

VM Mutex/Monitor currently owned by a thread: None

Heap:
 PSYoungGen      total 274944K, used 184544K [0x00000000e0000000, 0x00000000f4000000, 0x0000000100000000)
  eden space 261632K, 68% used [0x00000000e0000000,0x00000000eadc3648,0x00000000eff80000)
  from space 13312K, 49% used [0x00000000eff80000,0x00000000f05f4c60,0x00000000f0c80000)
  to   space 12800K, 0% used [0x00000000f3380000,0x00000000f3380000,0x00000000f4000000)
 ParOldGen       total 145920K, used 115589K [0x00000000a0000000, 0x00000000a8e80000, 0x00000000e0000000)
  object space 145920K, 79% used [0x00000000a0000000,0x00000000a70e1758,0x00000000a8e80000)
 Metaspace       used 92194K, capacity 95514K, committed 95960K, reserved 1132544K
  class space    used 11482K, capacity 12191K, committed 12288K, reserved 1048576K

Card table byte_map: [0x0000000011b80000,0x0000000011e90000] byte_map_base: 0x0000000011680000

Marking Bits: (ParMarkBitMap*) 0x0000000068645aa0
 Begin Bits: [0x0000000012490000, 0x0000000013c90000)
 End Bits:   [0x0000000013c90000, 0x0000000015490000)

Polling page: 0x0000000000c70000

CodeCache: size=245760Kb used=54940Kb max_used=54940Kb free=190819Kb
 bounds [0x00000000027c0000, 0x0000000005e30000, 0x00000000117c0000]
 total_blobs=17182 nmethods=16177 adapters=915
 compilation: enabled

Compilation events (10 events):
Event: 1235.210 Thread 0x000000001613b000 20190 %     3       com.android.tools.r8.ir.optimize.CodeRewriter::splitRangeInvokeConstants @ 33 (282 bytes)
Event: 1235.216 Thread 0x000000001613b000 nmethod 20190% 0x0000000003dfa5d0 code [0x0000000003dfaaa0, 0x0000000003dfdee8]
Event: 1235.224 Thread 0x000000001613b000 20191       3       com.android.tools.r8.ir.regalloc.LinearScanRegisterAllocator::allocateLinkedIntervals (379 bytes)
Event: 1235.230 Thread 0x000000001613b000 nmethod 20191 0x000000000349e2d0 code [0x000000000349e700, 0x00000000034a0b88]
Event: 1235.255 Thread 0x000000001613b000 20192       3       com.android.tools.r8.ir.optimize.CodeRewriter::splitRangeInvokeConstants (282 bytes)
Event: 1235.261 Thread 0x000000001613b000 nmethod 20192 0x0000000005703410 code [0x00000000057038e0, 0x0000000005706bd8]
Event: 1235.265 Thread 0x000000001613b000 20193       1       com.android.tools.r8.ir.code.Sub::isSub (2 bytes)
Event: 1235.265 Thread 0x000000001613b000 nmethod 20193 0x0000000005395fd0 code [0x0000000005396120, 0x0000000005396230]
Event: 1235.383 Thread 0x000000001613b000 20194 % !   3       java.util.concurrent.ConcurrentHashMap::computeIfAbsent @ 249 (493 bytes)
Event: 1235.393 Thread 0x000000001613b000 nmethod 20194% 0x00000000058e0c50 code [0x00000000058e0fa0, 0x00000000058e35f8]

GC Heap History (10 events):
Event: 1223.900 GC heap before
{Heap before GC invocations=67 (full 6):
 PSYoungGen      total 241664K, used 227328K [0x00000000e0000000, 0x00000000efc80000, 0x0000000100000000)
  eden space 227328K, 100% used [0x00000000e0000000,0x00000000ede00000,0x00000000ede00000)
  from space 14336K, 0% used [0x00000000eec80000,0x00000000eec80000,0x00000000efa80000)
  to   space 14848K, 0% used [0x00000000ede00000,0x00000000ede00000,0x00000000eec80000)
 ParOldGen       total 145920K, used 93823K [0x00000000a0000000, 0x00000000a8e80000, 0x00000000e0000000)
  object space 145920K, 64% used [0x00000000a0000000,0x00000000a5b9fc58,0x00000000a8e80000)
 Metaspace       used 92068K, capacity 95342K, committed 95960K, reserved 1132544K
  class space    used 11464K, capacity 12157K, committed 12288K, reserved 1048576K
Event: 1223.928 GC heap after
Heap after GC invocations=67 (full 6):
 PSYoungGen      total 242176K, used 5504K [0x00000000e0000000, 0x00000000f1b00000, 0x0000000100000000)
  eden space 227328K, 0% used [0x00000000e0000000,0x00000000e0000000,0x00000000ede00000)
  from space 14848K, 37% used [0x00000000ede00000,0x00000000ee360010,0x00000000eec80000)
  to   space 14336K, 0% used [0x00000000f0d00000,0x00000000f0d00000,0x00000000f1b00000)
 ParOldGen       total 145920K, used 93823K [0x00000000a0000000, 0x00000000a8e80000, 0x00000000e0000000)
  object space 145920K, 64% used [0x00000000a0000000,0x00000000a5b9fc58,0x00000000a8e80000)
 Metaspace       used 92068K, capacity 95342K, committed 95960K, reserved 1132544K
  class space    used 11464K, capacity 12157K, committed 12288K, reserved 1048576K
}
Event: 1225.983 GC heap before
{Heap before GC invocations=68 (full 6):
 PSYoungGen      total 242176K, used 232832K [0x00000000e0000000, 0x00000000f1b00000, 0x0000000100000000)
  eden space 227328K, 100% used [0x00000000e0000000,0x00000000ede00000,0x00000000ede00000)
  from space 14848K, 37% used [0x00000000ede00000,0x00000000ee360010,0x00000000eec80000)
  to   space 14336K, 0% used [0x00000000f0d00000,0x00000000f0d00000,0x00000000f1b00000)
 ParOldGen       total 145920K, used 93823K [0x00000000a0000000, 0x00000000a8e80000, 0x00000000e0000000)
  object space 145920K, 64% used [0x00000000a0000000,0x00000000a5b9fc58,0x00000000a8e80000)
 Metaspace       used 92071K, capacity 95344K, committed 95960K, reserved 1132544K
  class space    used 11465K, capacity 12158K, committed 12288K, reserved 1048576K
Event: 1226.021 GC heap after
Heap after GC invocations=68 (full 6):
 PSYoungGen      total 274432K, used 6592K [0x00000000e0000000, 0x00000000f1980000, 0x0000000100000000)
  eden space 261632K, 0% used [0x00000000e0000000,0x00000000e0000000,0x00000000eff80000)
  from space 12800K, 51% used [0x00000000f0d00000,0x00000000f1370000,0x00000000f1980000)
  to   space 13312K, 0% used [0x00000000eff80000,0x00000000eff80000,0x00000000f0c80000)
 ParOldGen       total 145920K, used 98506K [0x00000000a0000000, 0x00000000a8e80000, 0x00000000e0000000)
  object space 145920K, 67% used [0x00000000a0000000,0x00000000a6032b30,0x00000000a8e80000)
 Metaspace       used 92071K, capacity 95344K, committed 95960K, reserved 1132544K
  class space    used 11465K, capacity 12158K, committed 12288K, reserved 1048576K
}
Event: 1228.599 GC heap before
{Heap before GC invocations=69 (full 6):
 PSYoungGen      total 274432K, used 268224K [0x00000000e0000000, 0x00000000f1980000, 0x0000000100000000)
  eden space 261632K, 100% used [0x00000000e0000000,0x00000000eff80000,0x00000000eff80000)
  from space 12800K, 51% used [0x00000000f0d00000,0x00000000f1370000,0x00000000f1980000)
  to   space 13312K, 0% used [0x00000000eff80000,0x00000000eff80000,0x00000000f0c80000)
 ParOldGen       total 145920K, used 98506K [0x00000000a0000000, 0x00000000a8e80000, 0x00000000e0000000)
  object space 145920K, 67% used [0x00000000a0000000,0x00000000a6032b30,0x00000000a8e80000)
 Metaspace       used 92085K, capacity 95408K, committed 95960K, reserved 1132544K
  class space    used 11465K, capacity 12158K, committed 12288K, reserved 1048576K
Event: 1228.675 GC heap after
Heap after GC invocations=69 (full 6):
 PSYoungGen      total 274944K, used 9173K [0x00000000e0000000, 0x00000000f1980000, 0x0000000100000000)
  eden space 261632K, 0% used [0x00000000e0000000,0x00000000e0000000,0x00000000eff80000)
  from space 13312K, 68% used [0x00000000eff80000,0x00000000f0875770,0x00000000f0c80000)
  to   space 12800K, 0% used [0x00000000f0d00000,0x00000000f0d00000,0x00000000f1980000)
 ParOldGen       total 145920K, used 104538K [0x00000000a0000000, 0x00000000a8e80000, 0x00000000e0000000)
  object space 145920K, 71% used [0x00000000a0000000,0x00000000a6616b50,0x00000000a8e80000)
 Metaspace       used 92085K, capacity 95408K, committed 95960K, reserved 1132544K
  class space    used 11465K, capacity 12158K, committed 12288K, reserved 1048576K
}
Event: 1232.113 GC heap before
{Heap before GC invocations=70 (full 6):
 PSYoungGen      total 274944K, used 270805K [0x00000000e0000000, 0x00000000f1980000, 0x0000000100000000)
  eden space 261632K, 100% used [0x00000000e0000000,0x00000000eff80000,0x00000000eff80000)
  from space 13312K, 68% used [0x00000000eff80000,0x00000000f0875770,0x00000000f0c80000)
  to   space 12800K, 0% used [0x00000000f0d00000,0x00000000f0d00000,0x00000000f1980000)
 ParOldGen       total 145920K, used 104538K [0x00000000a0000000, 0x00000000a8e80000, 0x00000000e0000000)
  object space 145920K, 71% used [0x00000000a0000000,0x00000000a6616b50,0x00000000a8e80000)
 Metaspace       used 92164K, capacity 95440K, committed 95960K, reserved 1132544K
  class space    used 11481K, capacity 12190K, committed 12288K, reserved 1048576K
Event: 1232.166 GC heap after
Heap after GC invocations=70 (full 6):
 PSYoungGen      total 274432K, used 4544K [0x00000000e0000000, 0x00000000f1980000, 0x0000000100000000)
  eden space 261632K, 0% used [0x00000000e0000000,0x00000000e0000000,0x00000000eff80000)
  from space 12800K, 35% used [0x00000000f0d00000,0x00000000f1170000,0x00000000f1980000)
  to   space 13312K, 0% used [0x00000000eff80000,0x00000000eff80000,0x00000000f0c80000)
 ParOldGen       total 145920K, used 112333K [0x00000000a0000000, 0x00000000a8e80000, 0x00000000e0000000)
  object space 145920K, 76% used [0x00000000a0000000,0x00000000a6db3728,0x00000000a8e80000)
 Metaspace       used 92164K, capacity 95440K, committed 95960K, reserved 1132544K
  class space    used 11481K, capacity 12190K, committed 12288K, reserved 1048576K
}
Event: 1234.310 GC heap before
{Heap before GC invocations=71 (full 6):
 PSYoungGen      total 274432K, used 266176K [0x00000000e0000000, 0x00000000f1980000, 0x0000000100000000)
  eden space 261632K, 100% used [0x00000000e0000000,0x00000000eff80000,0x00000000eff80000)
  from space 12800K, 35% used [0x00000000f0d00000,0x00000000f1170000,0x00000000f1980000)
  to   space 13312K, 0% used [0x00000000eff80000,0x00000000eff80000,0x00000000f0c80000)
 ParOldGen       total 145920K, used 112333K [0x00000000a0000000, 0x00000000a8e80000, 0x00000000e0000000)
  object space 145920K, 76% used [0x00000000a0000000,0x00000000a6db3728,0x00000000a8e80000)
 Metaspace       used 92193K, capacity 95514K, committed 95960K, reserved 1132544K
  class space    used 11482K, capacity 12191K, committed 12288K, reserved 1048576K
Event: 1234.347 GC heap after
Heap after GC invocations=71 (full 6):
 PSYoungGen      total 274944K, used 6611K [0x00000000e0000000, 0x00000000f4000000, 0x0000000100000000)
  eden space 261632K, 0% used [0x00000000e0000000,0x00000000e0000000,0x00000000eff80000)
  from space 13312K, 49% used [0x00000000eff80000,0x00000000f05f4c60,0x00000000f0c80000)
  to   space 12800K, 0% used [0x00000000f3380000,0x00000000f3380000,0x00000000f4000000)
 ParOldGen       total 145920K, used 115589K [0x00000000a0000000, 0x00000000a8e80000, 0x00000000e0000000)
  object space 145920K, 79% used [0x00000000a0000000,0x00000000a70e1758,0x00000000a8e80000)
 Metaspace       used 92193K, capacity 95514K, committed 95960K, reserved 1132544K
  class space    used 11482K, capacity 12191K, committed 12288K, reserved 1048576K
}

Deoptimization events (10 events):
Event: 1227.504 Thread 0x000000001cd94000 Uncommon trap: reason=unstable_if action=reinterpret pc=0x000000000584b708 method=com.android.tools.r8.graph.DexString.slowCompareTo(Lcom/android/tools/r8/graph/DexString;)I @ 54
Event: 1228.222 Thread 0x000000001cd89800 Uncommon trap: reason=class_check action=maybe_recompile pc=0x0000000005bb59e0 method=com.android.tools.r8.ir.optimize.CodeRewriter.rewriteMoveResult(Lcom/android/tools/r8/ir/code/IRCode;)V @ 130
Event: 1229.654 Thread 0x000000001cd94000 Uncommon trap: reason=bimorphic action=maybe_recompile pc=0x0000000005c2fd7c method=com.android.tools.r8.ir.regalloc.LinearScanRegisterAllocator.handleWorkaround(Ljava/util/function/Predicate;Ljava/util/function/BiPredicate;ILcom/android/tools/r8/ir/regal
Event: 1229.654 Thread 0x000000001cd94000 Uncommon trap: reason=bimorphic action=maybe_recompile pc=0x0000000005c2fd7c method=com.android.tools.r8.ir.regalloc.LinearScanRegisterAllocator.handleWorkaround(Ljava/util/function/Predicate;Ljava/util/function/BiPredicate;ILcom/android/tools/r8/ir/regal
Event: 1231.701 Thread 0x000000001cd89800 Uncommon trap: reason=unstable_if action=reinterpret pc=0x0000000005b78e64 method=com.android.tools.r8.ir.code.ValueType.isWide()Z @ 18
Event: 1233.272 Thread 0x000000001cd93000 Uncommon trap: reason=unstable_if action=reinterpret pc=0x0000000005da1520 method=com.android.tools.r8.ir.regalloc.LinearScanRegisterAllocator.allocateSingleInterval(Lcom/android/tools/r8/ir/regalloc/LiveIntervals;Lcom/android/tools/r8/ir/regalloc/LinearS
Event: 1233.348 Thread 0x000000001cd93000 Uncommon trap: reason=unstable_if action=reinterpret pc=0x000000000588c2c8 method=com.android.tools.r8.ir.optimize.PeepholeOptimizer.removeWideConstantCovering(Ljava/util/Map;I)V @ 27
Event: 1233.607 Thread 0x000000001cd94000 Uncommon trap: reason=unstable_if action=reinterpret pc=0x0000000005209700 method=java.util.concurrent.ConcurrentHashMap.computeIfAbsent(Ljava/lang/Object;Ljava/util/function/Function;)Ljava/lang/Object; @ 281
Event: 1234.399 Thread 0x000000001cd93000 Uncommon trap: reason=unstable_if action=reinterpret pc=0x0000000005612f0c method=com.android.tools.r8.ir.code.Position.equals(Ljava/lang/Object;)Z @ 27
Event: 1235.206 Thread 0x000000001cd94000 Uncommon trap: reason=unstable_if action=reinterpret pc=0x000000000598f824 method=com.android.tools.r8.ir.optimize.CodeRewriter.splitRangeInvokeConstants(Lcom/android/tools/r8/ir/code/IRCode;)V @ 148

Classes redefined (0 events):
No events

Internal exceptions (10 events):
Event: 1152.376 Thread 0x000000001cd32000 Exception <a 'sun/nio/fs/WindowsException'> (0x00000000e7875a48) thrown at [D:\src\AOSP-openjdk-cygwin\jdk8u\hotspot\src\share\vm\prims\jni.cpp, line 709]
Event: 1152.377 Thread 0x000000001cd32000 Exception <a 'sun/nio/fs/WindowsException'> (0x00000000e7876970) thrown at [D:\src\AOSP-openjdk-cygwin\jdk8u\hotspot\src\share\vm\prims\jni.cpp, line 709]
Event: 1152.377 Thread 0x000000001cd32000 Exception <a 'sun/nio/fs/WindowsException'> (0x00000000e7878a48) thrown at [D:\src\AOSP-openjdk-cygwin\jdk8u\hotspot\src\share\vm\prims\jni.cpp, line 709]
Event: 1152.399 Thread 0x000000001cd32000 Exception <a 'sun/nio/fs/WindowsException'> (0x00000000e78bbf50) thrown at [D:\src\AOSP-openjdk-cygwin\jdk8u\hotspot\src\share\vm\prims\jni.cpp, line 709]
Event: 1152.399 Thread 0x000000001cd32000 Exception <a 'sun/nio/fs/WindowsException'> (0x00000000e78bce78) thrown at [D:\src\AOSP-openjdk-cygwin\jdk8u\hotspot\src\share\vm\prims\jni.cpp, line 709]
Event: 1152.400 Thread 0x000000001cd32000 Exception <a 'sun/nio/fs/WindowsException'> (0x00000000e78bef50) thrown at [D:\src\AOSP-openjdk-cygwin\jdk8u\hotspot\src\share\vm\prims\jni.cpp, line 709]
Event: 1152.490 Thread 0x000000001cd32000 Exception <a 'sun/nio/fs/WindowsException'> (0x00000000e78ec090) thrown at [D:\src\AOSP-openjdk-cygwin\jdk8u\hotspot\src\share\vm\prims\jni.cpp, line 709]
Event: 1152.490 Thread 0x000000001cd32000 Exception <a 'sun/nio/fs/WindowsException'> (0x00000000e78ecfb8) thrown at [D:\src\AOSP-openjdk-cygwin\jdk8u\hotspot\src\share\vm\prims\jni.cpp, line 709]
Event: 1152.491 Thread 0x000000001cd32000 Exception <a 'sun/nio/fs/WindowsException'> (0x00000000e78ef090) thrown at [D:\src\AOSP-openjdk-cygwin\jdk8u\hotspot\src\share\vm\prims\jni.cpp, line 709]
Event: 1205.856 Thread 0x000000001cd93000 Implicit null exception at 0x000000000582c27e to 0x000000000582e2a5

Events (10 events):
Event: 1234.913 Thread 0x000000001cd94000 DEOPT UNPACKING pc=0x00000000028075d0 sp=0x000000002583d970 mode 0
Event: 1234.944 Thread 0x000000001cd93000 DEOPT PACKING pc=0x00000000043db1e1 sp=0x0000000025efdfa0
Event: 1234.944 Thread 0x000000001cd93000 DEOPT UNPACKING pc=0x00000000028075d0 sp=0x0000000025efddd0 mode 0
Event: 1235.092 Thread 0x000000001cd94000 DEOPT PACKING pc=0x00000000043db1e1 sp=0x000000002583db40
Event: 1235.092 Thread 0x000000001cd94000 DEOPT UNPACKING pc=0x00000000028075d0 sp=0x000000002583d970 mode 0
Event: 1235.206 Thread 0x000000001cd94000 Uncommon trap: trap_request=0xffffff65 fr.pc=0x000000000598f824
Event: 1235.206 Thread 0x000000001cd94000 DEOPT PACKING pc=0x000000000598f824 sp=0x000000002583de80
Event: 1235.206 Thread 0x000000001cd94000 DEOPT UNPACKING pc=0x000000000280557b sp=0x000000002583de38 mode 2
Event: 1235.224 Thread 0x000000001cd89800 DEOPT PACKING pc=0x0000000004003488 sp=0x000000001c14dd60
Event: 1235.224 Thread 0x000000001cd89800 DEOPT UNPACKING pc=0x00000000028075d0 sp=0x000000001c14dae8 mode 0


Dynamic libraries:
0x00007ff7711d0000 - 0x00007ff771201000 	C:\Program Files\Android\Android Studio\jre\bin\java.exe
0x00007ffa10900000 - 0x00007ffa10aac000 	C:\Windows\SYSTEM32\ntdll.dll
0x00007ffa0e760000 - 0x00007ffa0e89a000 	C:\Windows\system32\KERNEL32.DLL
0x00007ffa0de90000 - 0x00007ffa0df9f000 	C:\Windows\system32\KERNELBASE.dll
0x00007ffa0e2a0000 - 0x00007ffa0e345000 	C:\Windows\system32\ADVAPI32.dll
0x00007ffa0f260000 - 0x00007ffa0f3d1000 	C:\Windows\system32\USER32.dll
0x00007ffa0b680000 - 0x00007ffa0b8da000 	C:\Windows\WinSxS\amd64_microsoft.windows.common-controls_6595b64144ccf1df_6.0.9600.17031_none_6242a4b3ecbb55a1\COMCTL32.dll
0x00007ffa0f100000 - 0x00007ffa0f1a7000 	C:\Windows\system32\msvcrt.dll
0x00007ffa0f0a0000 - 0x00007ffa0f0f7000 	C:\Windows\SYSTEM32\sechost.dll
0x00007ffa0ee90000 - 0x00007ffa0efc7000 	C:\Windows\system32\RPCRT4.dll
0x00007ffa0ed20000 - 0x00007ffa0ee64000 	C:\Windows\system32\GDI32.dll
0x00007ffa0e8a0000 - 0x00007ffa0e8d4000 	C:\Windows\system32\IMM32.DLL
0x00007ffa0e350000 - 0x00007ffa0e4a1000 	C:\Windows\system32\MSCTF.dll
0x0000000067c10000 - 0x0000000067ce2000 	C:\Program Files\Android\Android Studio\jre\jre\bin\msvcr100.dll
0x0000000067e80000 - 0x00000000686c1000 	C:\Program Files\Android\Android Studio\jre\jre\bin\server\jvm.dll
0x00007ff9f8df0000 - 0x00007ff9f8df9000 	C:\Windows\SYSTEM32\WSOCK32.dll
0x00007ff9fb330000 - 0x00007ff9fb34f000 	C:\Windows\SYSTEM32\WINMM.dll
0x00007ffa092f0000 - 0x00007ffa092fa000 	C:\Windows\SYSTEM32\VERSION.dll
0x00007ffa0e8e0000 - 0x00007ffa0e8e7000 	C:\Windows\system32\PSAPI.DLL
0x00007ffa0eae0000 - 0x00007ffa0eb38000 	C:\Windows\system32\WS2_32.dll
0x00007ff9fb300000 - 0x00007ff9fb32a000 	C:\Windows\SYSTEM32\WINMMBASE.dll
0x00007ffa0e290000 - 0x00007ffa0e299000 	C:\Windows\system32\NSI.dll
0x00007ffa0ddf0000 - 0x00007ffa0de3a000 	C:\Windows\SYSTEM32\cfgmgr32.dll
0x00007ffa0c9b0000 - 0x00007ffa0c9d6000 	C:\Windows\SYSTEM32\DEVOBJ.dll
0x00007ff9ec710000 - 0x00007ff9ec71f000 	C:\Program Files\Android\Android Studio\jre\jre\bin\verify.dll
0x00007ff9e47c0000 - 0x00007ff9e47e9000 	C:\Program Files\Android\Android Studio\jre\jre\bin\java.dll
0x00007ff9eaa80000 - 0x00007ff9eaa96000 	C:\Program Files\Android\Android Studio\jre\jre\bin\zip.dll
0x00007ffa0f3e0000 - 0x00007ffa108f8000 	C:\Windows\system32\SHELL32.dll
0x00007ffa0e0b0000 - 0x00007ffa0e286000 	C:\Windows\SYSTEM32\combase.dll
0x00007ffa0e4c0000 - 0x00007ffa0e511000 	C:\Windows\system32\SHLWAPI.dll
0x00007ffa0c080000 - 0x00007ffa0c11f000 	C:\Windows\SYSTEM32\SHCORE.dll
0x00007ffa0db40000 - 0x00007ffa0db54000 	C:\Windows\SYSTEM32\profapi.dll
0x00007ff9e47a0000 - 0x00007ff9e47ba000 	C:\Program Files\Android\Android Studio\jre\jre\bin\net.dll
0x00007ffa0d380000 - 0x00007ffa0d3d8000 	C:\Windows\system32\mswsock.dll
0x00007ff9e4420000 - 0x00007ff9e4431000 	C:\Program Files\Android\Android Studio\jre\jre\bin\nio.dll
0x00007ff9ec490000 - 0x00007ff9ec4ae000 	E:\android studio\.gradle\native\25\windows-amd64\native-platform.dll
0x00007ff9eab70000 - 0x00007ff9eab7d000 	C:\Program Files\Android\Android Studio\jre\jre\bin\management.dll
0x00007ffa0d3e0000 - 0x00007ffa0d3fe000 	C:\Windows\SYSTEM32\CRYPTSP.dll
0x00007ffa0d020000 - 0x00007ffa0d055000 	C:\Windows\system32\rsaenh.dll
0x00007ffa0d620000 - 0x00007ffa0d646000 	C:\Windows\SYSTEM32\bcrypt.dll
0x00007ffa0d130000 - 0x00007ffa0d14e000 	C:\Windows\SYSTEM32\USERENV.dll
0x00007ffa0d9b0000 - 0x00007ffa0da10000 	C:\Windows\system32\bcryptprimitives.dll
0x00007ffa0da10000 - 0x00007ffa0da1a000 	C:\Windows\SYSTEM32\CRYPTBASE.dll
0x00007ffa07410000 - 0x00007ffa07439000 	C:\Windows\SYSTEM32\IPHLPAPI.DLL
0x00007ffa07400000 - 0x00007ffa0740a000 	C:\Windows\SYSTEM32\WINNSI.DLL
0x00007ff9fade0000 - 0x00007ff9fadf4000 	C:\Windows\SYSTEM32\dhcpcsvc6.DLL
0x00007ff9fac40000 - 0x00007ff9fac59000 	C:\Windows\SYSTEM32\dhcpcsvc.DLL
0x00007ff9fbba0000 - 0x00007ff9fbbc4000 	C:\Program Files\Android\Android Studio\jre\jre\bin\sunec.dll
0x00007ffa0d190000 - 0x00007ffa0d233000 	C:\Windows\SYSTEM32\DNSAPI.dll
0x0000000069270000 - 0x00000000692a5000 	C:\Program Files\Bonjour\mdnsNSP.dll
0x00007ff9f7810000 - 0x00007ff9f7819000 	C:\Windows\System32\rasadhlp.dll
0x00007ff9faf40000 - 0x00007ff9fafa8000 	C:\Windows\System32\fwpuclnt.dll
0x00007ff9eac90000 - 0x00007ff9eac9b000 	C:\Program Files\Android\Android Studio\jre\jre\bin\sunmscapi.dll
0x00007ffa0dc10000 - 0x00007ffa0dde7000 	C:\Windows\system32\CRYPT32.dll
0x00007ffa0dbf0000 - 0x00007ffa0dc02000 	C:\Windows\system32\MSASN1.dll
0x00007ffa07360000 - 0x00007ffa07390000 	C:\Windows\SYSTEM32\ntmarta.dll
0x00007ff9d54d0000 - 0x00007ff9d5667000 	C:\Program Files\Android\Android Studio\jre\jre\bin\awt.dll
0x00007ffa0efd0000 - 0x00007ffa0f091000 	C:\Windows\system32\OLEAUT32.dll
0x00007ffa098d0000 - 0x00007ffa09d37000 	C:\Windows\SYSTEM32\d2d1.dll
0x00007ffa0c750000 - 0x00007ffa0c7d8000 	C:\Windows\system32\apphelp.dll
0x00007ffa0afe0000 - 0x00007ffa0b000000 	C:\Windows\system32\DWMAPI.DLL
0x00007ffa0c820000 - 0x00007ffa0c941000 	C:\Windows\system32\uxtheme.dll

VM Arguments:
jvm_args: -Xmx1536m -Dfile.encoding=windows-1252 -Duser.country=US -Duser.language=en -Duser.variant 
java_command: org.gradle.launcher.daemon.bootstrap.GradleDaemon 4.6
java_class_path (initial): E:\android studio\.gradle\wrapper\dists\gradle-4.6-all\bcst21l2brirad8k2ben1letg\gradle-4.6\lib\gradle-launcher-4.6.jar
Launcher Type: SUN_STANDARD

Environment Variables:
PATH=C:\ProgramData\Oracle\Java\javapath;C:\Program Files (x86)\Intel\iCLS Client\;C:\Program Files\Intel\iCLS Client\;C:\Windows\system32;C:\Windows;C:\Windows\System32\Wbem;C:\Windows\System32\WindowsPowerShell\v1.0\;C:\Program Files\Intel\Intel(R) Management Engine Components\DAL;C:\Program Files\Intel\Intel(R) Management Engine Components\IPT;C:\Program Files (x86)\Intel\Intel(R) Management Engine Components\DAL;C:\Program Files (x86)\Intel\Intel(R) Management Engine Components\IPT;C:\Program Files\Microsoft SQL Server\110\Tools\Binn\;C:\Program Files (x86)\Windows Kits\8.1\Windows Performance Toolkit\;C:\Program Files (x86)\Microsoft SDKs\TypeScript\1.0\;C:\Program Files (x86)\GtkSharp\2.12\bin;C:\Program Files\nodejs\;C:\Program Files\Java\jdk1.8.0_25\bin;C:\TurboC4\TC\BIN;.;C:\MinGW\bin;C:\Users\Kundan\AppData\Roaming\npm;C:\Program Files\mingw-w64\x86_64-8.1.0-posix-seh-rt_v6-rev0\mingw64\bin;C:\adb;C:\Program Files\Java\jdk1.8.0_25\bin;C:\TurboC4\TC\BIN;.;C:\MinGW\bin;C:\Users\Kundan\AppData\Roaming\npm;C:\Program Files\mingw-w64\x86_64-8.1.0-posix-seh-rt_v6-rev0\mingw64\bin
USERNAME=Kundan
OS=Windows_NT
PROCESSOR_IDENTIFIER=Intel64 Family 6 Model 58 Stepping 9, GenuineIntel



---------------  S Y S T E M  ---------------

OS: Windows 8.1 , 64 bit Build 9600 (6.3.9600.17056)

CPU:total 4 (initial active 4) (2 cores per cpu, 2 threads per core) family 6 model 58 stepping 9, cmov, cx8, fxsr, mmx, sse, sse2, sse3, ssse3, sse4.1, sse4.2, popcnt, avx, clmul, erms, ht, tsc, tscinvbit, tscinv

Memory: 4k page, physical 6176104k(675260k free), swap 9321832k(16244k free)

vm_info: OpenJDK 64-Bit Server VM (25.152-b01) for windows-amd64 JRE (1.8.0_152-release-1248-b01), built by "builder" with MS VC++ 10.0 (VS2010)

time: Wed Feb 27 23:44:22 2019
elapsed time: 1235 seconds (0d 0h 20m 35s)

